{
  "stats": {
    "suites": 18,
    "tests": 12,
    "passes": 10,
    "pending": 0,
    "failures": 2,
    "start": "2024-04-01T04:09:32.563Z",
    "end": "2024-04-01T04:10:44.036Z",
    "duration": 71473,
    "testsRegistered": 12,
    "passPercent": 83.33333333333334,
    "pendingPercent": 0,
    "other": 0,
    "hasOther": false,
    "skipped": 0,
    "hasSkipped": false
  },
  "results": [
    {
      "uuid": "d742d20c-0d46-4f74-a85c-bbf6fdcf0527",
      "title": "",
      "fullFile": "",
      "file": "",
      "beforeHooks": [],
      "afterHooks": [
        {
          "title": "\"after all\" hook in \"{root}\"",
          "fullTitle": "\"after all\" hook in \"{root}\"",
          "timedOut": false,
          "duration": 0,
          "state": null,
          "speed": null,
          "pass": false,
          "fail": false,
          "pending": false,
          "context": null,
          "code": "if (seleniumServer) {\n  return seleniumServer.kill()\n}",
          "err": {},
          "uuid": "3431863b-009a-4a93-87ce-af93d0e9f242",
          "parentUUID": "d742d20c-0d46-4f74-a85c-bbf6fdcf0527",
          "isHook": true,
          "skipped": false
        }
      ],
      "tests": [],
      "suites": [
        {
          "uuid": "c8e565a2-063c-4c03-8f94-934537eb322f",
          "title": "[chrome]",
          "fullFile": "D:\\tai-jing\\functional_test\\test_chrome\\add.js",
          "file": "\\test_chrome\\add.js",
          "beforeHooks": [],
          "afterHooks": [],
          "tests": [],
          "suites": [
            {
              "uuid": "83ebf5ff-9d9c-4b23-92c2-17de4ec6ba03",
              "title": "add_success",
              "fullFile": "D:\\tai-jing\\functional_test\\test_chrome\\add.js",
              "file": "\\test_chrome\\add.js",
              "beforeHooks": [
                {
                  "title": "\"before each\" hook in \"add_success\"",
                  "fullTitle": "[chrome] add_success \"before each\" hook in \"add_success\"",
                  "timedOut": false,
                  "duration": 791,
                  "state": null,
                  "speed": null,
                  "pass": false,
                  "fail": false,
                  "pending": false,
                  "context": null,
                  "code": "driver = await new Builder().forBrowser('chrome').build();\nvars = {};",
                  "err": {},
                  "uuid": "01ea1490-c5fb-4e4c-bbe5-b13c18bfbf24",
                  "parentUUID": "83ebf5ff-9d9c-4b23-92c2-17de4ec6ba03",
                  "isHook": true,
                  "skipped": false
                }
              ],
              "afterHooks": [
                {
                  "title": "\"after each\" hook in \"add_success\"",
                  "fullTitle": "[chrome] add_success \"after each\" hook in \"add_success\"",
                  "timedOut": false,
                  "duration": 29,
                  "state": null,
                  "speed": null,
                  "pass": false,
                  "fail": false,
                  "pending": false,
                  "context": null,
                  "code": "await driver.quit();",
                  "err": {},
                  "uuid": "ffa931e3-8221-4257-a4c2-d91c646e2959",
                  "parentUUID": "83ebf5ff-9d9c-4b23-92c2-17de4ec6ba03",
                  "isHook": true,
                  "skipped": false
                }
              ],
              "tests": [
                {
                  "title": "add",
                  "fullTitle": "[chrome] add_success add",
                  "timedOut": false,
                  "duration": 1531,
                  "state": "failed",
                  "speed": null,
                  "pass": false,
                  "fail": true,
                  "pending": false,
                  "context": null,
                  "code": "await driver.get('http://automationpractice.multiformis.com/index.php?id_product=5&controller=product#/11-color-black/2-size-m');\nawait driver.manage().window().setRect({ width: 1552, height: 832 });\n{\n  const successMessage = await driver.findElements(By.css('.button'));\n  const innerHTML = await successMessage.getAttribute('innerHTML');\n  assert.include(innerHTML, 'add to cart');\n}",
                  "err": {
                    "message": "TypeError: successMessage.getAttribute is not a function",
                    "estack": "TypeError: successMessage.getAttribute is not a function\n    at Context.<anonymous> (test_chrome\\add.js:24:48)\n    at process.processTicksAndRejections (node:internal/process/task_queues:95:5)",
                    "diff": null
                  },
                  "uuid": "16040a62-4586-48f8-a3bf-8cda2cac6334",
                  "parentUUID": "83ebf5ff-9d9c-4b23-92c2-17de4ec6ba03",
                  "isHook": false,
                  "skipped": false
                }
              ],
              "suites": [],
              "passes": [],
              "failures": [
                "16040a62-4586-48f8-a3bf-8cda2cac6334"
              ],
              "pending": [],
              "skipped": [],
              "duration": 1531,
              "root": false,
              "rootEmpty": false,
              "_timeout": 30000
            },
            {
              "uuid": "7ef83b68-0119-4315-a0b0-9d4e7494eea2",
              "title": "add_fail",
              "fullFile": "D:\\tai-jing\\functional_test\\test_chrome\\add.js",
              "file": "\\test_chrome\\add.js",
              "beforeHooks": [
                {
                  "title": "\"before each\" hook in \"add_fail\"",
                  "fullTitle": "[chrome] add_fail \"before each\" hook in \"add_fail\"",
                  "timedOut": false,
                  "duration": 859,
                  "state": null,
                  "speed": null,
                  "pass": false,
                  "fail": false,
                  "pending": false,
                  "context": null,
                  "code": "driver = await new Builder().forBrowser('chrome').build();\nvars = {};",
                  "err": {},
                  "uuid": "21ee6304-1d7c-4ddd-bfe3-93a0f53ef76c",
                  "parentUUID": "7ef83b68-0119-4315-a0b0-9d4e7494eea2",
                  "isHook": true,
                  "skipped": false
                }
              ],
              "afterHooks": [
                {
                  "title": "\"after each\" hook in \"add_fail\"",
                  "fullTitle": "[chrome] add_fail \"after each\" hook in \"add_fail\"",
                  "timedOut": false,
                  "duration": 27,
                  "state": null,
                  "speed": null,
                  "pass": false,
                  "fail": false,
                  "pending": false,
                  "context": null,
                  "code": "await driver.quit();",
                  "err": {},
                  "uuid": "a2652011-f353-4fe1-93f1-9b22fb9ad5c4",
                  "parentUUID": "7ef83b68-0119-4315-a0b0-9d4e7494eea2",
                  "isHook": true,
                  "skipped": false
                }
              ],
              "tests": [
                {
                  "title": "add",
                  "fullTitle": "[chrome] add_fail add",
                  "timedOut": false,
                  "duration": 3532,
                  "state": "passed",
                  "speed": "slow",
                  "pass": true,
                  "fail": false,
                  "pending": false,
                  "context": null,
                  "code": "await driver.get(\"http://automationpractice.multiformis.com/index.php?id_product=1&controller=product\")\nawait driver.manage().window().setRect({ width: 1552, height: 832 })\nawait driver.sleep(2000);\n// const viewportHeight = await driver.executeScript('return window.innerHeight');\n// await driver.executeScript(`window.scrollBy(0, ${viewportHeight})`);\nconst alert = await driver.findElement(By.id(\"availability_value\")).getText();\nassert.ok(alert, 'This product is no longer in stock');",
                  "err": {},
                  "uuid": "e26c5ce9-f6da-44ca-8972-ef7b64c85f01",
                  "parentUUID": "7ef83b68-0119-4315-a0b0-9d4e7494eea2",
                  "isHook": false,
                  "skipped": false
                }
              ],
              "suites": [],
              "passes": [
                "e26c5ce9-f6da-44ca-8972-ef7b64c85f01"
              ],
              "failures": [],
              "pending": [],
              "skipped": [],
              "duration": 3532,
              "root": false,
              "rootEmpty": false,
              "_timeout": 30000
            }
          ],
          "passes": [],
          "failures": [],
          "pending": [],
          "skipped": [],
          "duration": 0,
          "root": false,
          "rootEmpty": false,
          "_timeout": 2000
        },
        {
          "uuid": "7a082b33-2464-4c60-a033-a2a529234f91",
          "title": "[chrome]",
          "fullFile": "D:\\tai-jing\\functional_test\\test_chrome\\checkout.js",
          "file": "\\test_chrome\\checkout.js",
          "beforeHooks": [],
          "afterHooks": [],
          "tests": [],
          "suites": [
            {
              "uuid": "f22d6004-21f4-4477-bb0d-ca4de086c4ca",
              "title": "checkout_success",
              "fullFile": "D:\\tai-jing\\functional_test\\test_chrome\\checkout.js",
              "file": "\\test_chrome\\checkout.js",
              "beforeHooks": [
                {
                  "title": "\"before each\" hook in \"checkout_success\"",
                  "fullTitle": "[chrome] checkout_success \"before each\" hook in \"checkout_success\"",
                  "timedOut": false,
                  "duration": 807,
                  "state": null,
                  "speed": null,
                  "pass": false,
                  "fail": false,
                  "pending": false,
                  "context": null,
                  "code": "driver = await new Builder().forBrowser('chrome').build();\nvars = {};",
                  "err": {},
                  "uuid": "87b3e86b-dfb9-43a1-bbc9-81ebf71694d1",
                  "parentUUID": "f22d6004-21f4-4477-bb0d-ca4de086c4ca",
                  "isHook": true,
                  "skipped": false
                }
              ],
              "afterHooks": [
                {
                  "title": "\"after each\" hook in \"checkout_success\"",
                  "fullTitle": "[chrome] checkout_success \"after each\" hook in \"checkout_success\"",
                  "timedOut": false,
                  "duration": 20,
                  "state": null,
                  "speed": null,
                  "pass": false,
                  "fail": false,
                  "pending": false,
                  "context": null,
                  "code": "await driver.quit();",
                  "err": {},
                  "uuid": "aa38637a-f822-436c-8d03-bfb99362b22e",
                  "parentUUID": "f22d6004-21f4-4477-bb0d-ca4de086c4ca",
                  "isHook": true,
                  "skipped": false
                }
              ],
              "tests": [
                {
                  "title": "checkout_success",
                  "fullTitle": "[chrome] checkout_success checkout_success",
                  "timedOut": false,
                  "duration": 1698,
                  "state": "failed",
                  "speed": null,
                  "pass": false,
                  "fail": true,
                  "pending": false,
                  "context": null,
                  "code": "await driver.get(\"http://automationpractice.multiformis.com/index.php\")\nawait driver.manage().window().setRect({ width: 1552, height: 832 })\nawait driver.findElement(By.css(\"#button_order_cart > span\")).click()\nawait driver.findElement(By.css(\".standard-checkout > span\")).click()\nawait driver.findElement(By.id(\"email\")).click()\nawait driver.findElement(By.id(\"email\")).sendKeys(\"login@login.com\")\nawait driver.findElement(By.id(\"passwd\")).click()\nawait driver.findElement(By.id(\"passwd\")).sendKeys(\"123123\")\nawait driver.findElement(By.css(\"#SubmitLogin > span\")).click()\nawait driver.findElement(By.css(\".button:nth-child(4) > span\")).click()\nawait driver.findElement(By.css(\".standard-checkout > span\")).click()\nawait driver.findElement(By.css(\"label\")).click()\nawait driver.findElement(By.css(\".standard-checkout > span\")).click()\nawait driver.findElement(By.linkText(\"Pay by check (order processing will be longer)\")).click()\nawait driver.findElement(By.css(\"#cart_navigation span\")).click()\nconst alert = await driver.findElement(By.css(\".alert alert-success\"))\nassert.ok(alert, 'checkout successful');",
                  "err": {
                    "message": "ElementNotInteractableError: element not interactable\n  (Session info: chrome=123.0.6312.59)",
                    "estack": "ElementNotInteractableError: element not interactable\n  (Session info: chrome=123.0.6312.59)\n    at Object.throwDecodedError (D:\\tai-jing\\node_modules\\selenium-webdriver\\lib\\error.js:521:15)\n    at parseHttpResponse (D:\\tai-jing\\node_modules\\selenium-webdriver\\lib\\http.js:513:13)\n    at Executor.execute (D:\\tai-jing\\node_modules\\selenium-webdriver\\lib\\http.js:446:28)\n    at process.processTicksAndRejections (node:internal/process/task_queues:95:5)\n    at async Driver.execute (D:\\tai-jing\\node_modules\\selenium-webdriver\\lib\\webdriver.js:740:17)\n    at async Context.<anonymous> (test_chrome\\checkout.js:21:7)",
                    "diff": null
                  },
                  "uuid": "a6f0e891-799d-4d0c-b166-868231cd7d33",
                  "parentUUID": "f22d6004-21f4-4477-bb0d-ca4de086c4ca",
                  "isHook": false,
                  "skipped": false
                }
              ],
              "suites": [],
              "passes": [],
              "failures": [
                "a6f0e891-799d-4d0c-b166-868231cd7d33"
              ],
              "pending": [],
              "skipped": [],
              "duration": 1698,
              "root": false,
              "rootEmpty": false,
              "_timeout": 30000
            }
          ],
          "passes": [],
          "failures": [],
          "pending": [],
          "skipped": [],
          "duration": 0,
          "root": false,
          "rootEmpty": false,
          "_timeout": 2000
        },
        {
          "uuid": "bf61c2c8-6d2f-459c-9d37-a3658e54ec6a",
          "title": "[chrome]",
          "fullFile": "D:\\tai-jing\\functional_test\\test_chrome\\contact.js",
          "file": "\\test_chrome\\contact.js",
          "beforeHooks": [
            {
              "title": "\"before each\" hook in \"[chrome]\"",
              "fullTitle": "[chrome] \"before each\" hook in \"[chrome]\"",
              "timedOut": false,
              "duration": 869,
              "state": null,
              "speed": null,
              "pass": false,
              "fail": false,
              "pending": false,
              "context": null,
              "code": "driver = await new Builder().forBrowser('chrome').build();\nvars = {};",
              "err": {},
              "uuid": "8568b818-3491-4817-80bf-b479aa5e6f10",
              "parentUUID": "bf61c2c8-6d2f-459c-9d37-a3658e54ec6a",
              "isHook": true,
              "skipped": false
            }
          ],
          "afterHooks": [
            {
              "title": "\"after each\" hook in \"[chrome]\"",
              "fullTitle": "[chrome] \"after each\" hook in \"[chrome]\"",
              "timedOut": false,
              "duration": 32,
              "state": null,
              "speed": null,
              "pass": false,
              "fail": false,
              "pending": false,
              "context": null,
              "code": "await driver.quit();",
              "err": {},
              "uuid": "5dfaccaa-86c2-4c4c-ae70-5c1af0fe0b4f",
              "parentUUID": "bf61c2c8-6d2f-459c-9d37-a3658e54ec6a",
              "isHook": true,
              "skipped": false
            }
          ],
          "tests": [],
          "suites": [
            {
              "uuid": "fec8c14b-41ac-4c95-9329-f6af8d1e014a",
              "title": "contact_success",
              "fullFile": "D:\\tai-jing\\functional_test\\test_chrome\\contact.js",
              "file": "\\test_chrome\\contact.js",
              "beforeHooks": [
                {
                  "title": "\"before each\" hook in \"contact_success\"",
                  "fullTitle": "[chrome] contact_success \"before each\" hook in \"contact_success\"",
                  "timedOut": false,
                  "duration": 790,
                  "state": null,
                  "speed": null,
                  "pass": false,
                  "fail": false,
                  "pending": false,
                  "context": null,
                  "code": "driver = await new Builder().forBrowser('chrome').build();\nvars = {};",
                  "err": {},
                  "uuid": "7e2bae58-4641-4022-94cc-85a0af2d3eaf",
                  "parentUUID": "fec8c14b-41ac-4c95-9329-f6af8d1e014a",
                  "isHook": true,
                  "skipped": false
                }
              ],
              "afterHooks": [
                {
                  "title": "\"after each\" hook in \"contact_success\"",
                  "fullTitle": "[chrome] contact_success \"after each\" hook in \"contact_success\"",
                  "timedOut": false,
                  "duration": 20,
                  "state": null,
                  "speed": null,
                  "pass": false,
                  "fail": false,
                  "pending": false,
                  "context": null,
                  "code": "await driver.quit();",
                  "err": {},
                  "uuid": "3d3e5c9e-f839-409f-902c-dcf30792b7a6",
                  "parentUUID": "fec8c14b-41ac-4c95-9329-f6af8d1e014a",
                  "isHook": true,
                  "skipped": false
                }
              ],
              "tests": [
                {
                  "title": "contact",
                  "fullTitle": "[chrome] contact_success contact",
                  "timedOut": false,
                  "duration": 2743,
                  "state": "passed",
                  "speed": "slow",
                  "pass": true,
                  "fail": false,
                  "pending": false,
                  "context": null,
                  "code": "await driver.get(\"http://automationpractice.multiformis.com/index.php\")\nawait driver.manage().window().setRect({ width: 976, height: 688 })\nawait driver.findElement(By.linkText(\"Contact us\")).click()\nawait driver.findElement(By.id(\"id_contact\")).click()\n{\n  const dropdown = await driver.findElement(By.id(\"id_contact\"))\n  await dropdown.findElement(By.xpath(\"//option[. = 'Customer service']\")).click()\n}\nawait driver.findElement(By.id(\"email\")).click()\nawait driver.findElement(By.id(\"email\")).sendKeys(\"login@login.com\")\nawait driver.findElement(By.id(\"message\")).click()\nawait driver.findElement(By.id(\"message\")).sendKeys(\"test message\")\nawait driver.findElement(By.css(\".submit\")).click()\nawait driver.findElement(By.css(\"#submitMessage > span\")).click()\nawait driver.findElement(By.css(\".alert\")).click()\n{\n  const elements = await driver.findElements(By.css(\".alert\"))\n  assert(elements.length)\n}",
                  "err": {},
                  "uuid": "bca63f51-d501-4932-ba59-124a74890729",
                  "parentUUID": "fec8c14b-41ac-4c95-9329-f6af8d1e014a",
                  "isHook": false,
                  "skipped": false
                }
              ],
              "suites": [],
              "passes": [
                "bca63f51-d501-4932-ba59-124a74890729"
              ],
              "failures": [],
              "pending": [],
              "skipped": [],
              "duration": 2743,
              "root": false,
              "rootEmpty": false,
              "_timeout": 30000
            },
            {
              "uuid": "6251adee-7517-4421-a3d6-db5e68d29bbd",
              "title": "contact_success",
              "fullFile": "D:\\tai-jing\\functional_test\\test_chrome\\contact.js",
              "file": "\\test_chrome\\contact.js",
              "beforeHooks": [
                {
                  "title": "\"before each\" hook in \"contact_success\"",
                  "fullTitle": "[chrome] contact_success \"before each\" hook in \"contact_success\"",
                  "timedOut": false,
                  "duration": 900,
                  "state": null,
                  "speed": null,
                  "pass": false,
                  "fail": false,
                  "pending": false,
                  "context": null,
                  "code": "driver = await new Builder().forBrowser('chrome').build();\nvars = {};",
                  "err": {},
                  "uuid": "eb1cc9c3-7028-4403-abad-51e57ee6c3ba",
                  "parentUUID": "6251adee-7517-4421-a3d6-db5e68d29bbd",
                  "isHook": true,
                  "skipped": false
                }
              ],
              "afterHooks": [
                {
                  "title": "\"after each\" hook in \"contact_success\"",
                  "fullTitle": "[chrome] contact_success \"after each\" hook in \"contact_success\"",
                  "timedOut": false,
                  "duration": 27,
                  "state": null,
                  "speed": null,
                  "pass": false,
                  "fail": false,
                  "pending": false,
                  "context": null,
                  "code": "await driver.quit();",
                  "err": {},
                  "uuid": "098fe30b-a146-4095-96a5-1071a591cf59",
                  "parentUUID": "6251adee-7517-4421-a3d6-db5e68d29bbd",
                  "isHook": true,
                  "skipped": false
                }
              ],
              "tests": [
                {
                  "title": "contact",
                  "fullTitle": "[chrome] contact_success contact",
                  "timedOut": false,
                  "duration": 2815,
                  "state": "passed",
                  "speed": "slow",
                  "pass": true,
                  "fail": false,
                  "pending": false,
                  "context": null,
                  "code": "await driver.get(\"http://automationpractice.multiformis.com/index.php\")\nawait driver.manage().window().setRect({ width: 976, height: 688 })\nawait driver.findElement(By.linkText(\"Contact us\")).click()\nawait driver.findElement(By.id(\"id_contact\")).click()\n{\n  const dropdown = await driver.findElement(By.id(\"id_contact\"))\n  await dropdown.findElement(By.xpath(\"//option[. = 'Customer service']\")).click()\n}\nawait driver.findElement(By.id(\"email\")).click()\nawait driver.findElement(By.id(\"email\")).sendKeys(\"login@login.com\")\nawait driver.findElement(By.id(\"message\")).click()\nawait driver.findElement(By.id(\"message\")).sendKeys(\"test message\")\nawait driver.findElement(By.css(\".submit\")).click()\nawait driver.findElement(By.css(\"#submitMessage > span\")).click()\nawait driver.findElement(By.css(\".alert\")).click()\n{\n  const elements = await driver.findElements(By.css(\".alert\"))\n  assert(elements.length)\n}",
                  "err": {},
                  "uuid": "8120eff5-c047-4d6f-b0ec-62d98f2e25ef",
                  "parentUUID": "6251adee-7517-4421-a3d6-db5e68d29bbd",
                  "isHook": false,
                  "skipped": false
                }
              ],
              "suites": [],
              "passes": [
                "8120eff5-c047-4d6f-b0ec-62d98f2e25ef"
              ],
              "failures": [],
              "pending": [],
              "skipped": [],
              "duration": 2815,
              "root": false,
              "rootEmpty": false,
              "_timeout": 30000
            }
          ],
          "passes": [],
          "failures": [],
          "pending": [],
          "skipped": [],
          "duration": 0,
          "root": false,
          "rootEmpty": false,
          "_timeout": 2000
        },
        {
          "uuid": "0a9c6f50-8ccf-4ffb-887e-949cff39e2ee",
          "title": "[chrome]",
          "fullFile": "D:\\tai-jing\\functional_test\\test_chrome\\login.js",
          "file": "\\test_chrome\\login.js",
          "beforeHooks": [],
          "afterHooks": [],
          "tests": [],
          "suites": [
            {
              "uuid": "ae981faa-040a-4037-8931-16d9bb99b622",
              "title": "login_success",
              "fullFile": "D:\\tai-jing\\functional_test\\test_chrome\\login.js",
              "file": "\\test_chrome\\login.js",
              "beforeHooks": [
                {
                  "title": "\"before each\" hook in \"login_success\"",
                  "fullTitle": "[chrome] login_success \"before each\" hook in \"login_success\"",
                  "timedOut": false,
                  "duration": 856,
                  "state": null,
                  "speed": null,
                  "pass": false,
                  "fail": false,
                  "pending": false,
                  "context": null,
                  "code": "driver = await new Builder().forBrowser('chrome').build();\nvars = {};",
                  "err": {},
                  "uuid": "7c2fe1ff-ea19-4924-b3f7-60f1a8477621",
                  "parentUUID": "ae981faa-040a-4037-8931-16d9bb99b622",
                  "isHook": true,
                  "skipped": false
                }
              ],
              "afterHooks": [
                {
                  "title": "\"after each\" hook in \"login_success\"",
                  "fullTitle": "[chrome] login_success \"after each\" hook in \"login_success\"",
                  "timedOut": false,
                  "duration": 28,
                  "state": null,
                  "speed": null,
                  "pass": false,
                  "fail": false,
                  "pending": false,
                  "context": null,
                  "code": "await driver.quit();",
                  "err": {},
                  "uuid": "d3965bd2-2676-4127-94f3-f191e6d6869f",
                  "parentUUID": "ae981faa-040a-4037-8931-16d9bb99b622",
                  "isHook": true,
                  "skipped": false
                }
              ],
              "tests": [
                {
                  "title": "login",
                  "fullTitle": "[chrome] login_success login",
                  "timedOut": false,
                  "duration": 5239,
                  "state": "passed",
                  "speed": "slow",
                  "pass": true,
                  "fail": false,
                  "pending": false,
                  "context": null,
                  "code": "await driver.get('http://automationpractice.multiformis.com/index.php');\nawait driver.manage().window().setRect({ width: 1552, height: 832 });\nawait driver.findElement(By.linkText('Sign in')).click();\nawait driver.findElement(By.id('email')).click();\nawait driver.findElement(By.id('email')).sendKeys('login@login.com');\nawait driver.findElement(By.id('passwd')).click();\nawait driver.findElement(By.id('passwd')).sendKeys('123123');\nawait driver.findElement(By.css('#SubmitLogin > span')).click();\n{\n  await driver.sleep(2000);\n  const elements = await driver.findElements(By.css('.info-account'));\n  assert(elements.length);\n}",
                  "err": {},
                  "uuid": "43224341-e968-4e5c-a567-fd2c1c2a607e",
                  "parentUUID": "ae981faa-040a-4037-8931-16d9bb99b622",
                  "isHook": false,
                  "skipped": false
                }
              ],
              "suites": [],
              "passes": [
                "43224341-e968-4e5c-a567-fd2c1c2a607e"
              ],
              "failures": [],
              "pending": [],
              "skipped": [],
              "duration": 5239,
              "root": false,
              "rootEmpty": false,
              "_timeout": 30000
            },
            {
              "uuid": "822b8b6a-9aab-46e7-b4e5-0cfd52ca9419",
              "title": "login_fail",
              "fullFile": "D:\\tai-jing\\functional_test\\test_chrome\\login.js",
              "file": "\\test_chrome\\login.js",
              "beforeHooks": [
                {
                  "title": "\"before each\" hook in \"login_fail\"",
                  "fullTitle": "[chrome] login_fail \"before each\" hook in \"login_fail\"",
                  "timedOut": false,
                  "duration": 863,
                  "state": null,
                  "speed": null,
                  "pass": false,
                  "fail": false,
                  "pending": false,
                  "context": null,
                  "code": "driver = await new Builder().forBrowser('chrome').build();\nvars = {};",
                  "err": {},
                  "uuid": "b4a7bef8-8c8c-43d3-b23a-aec0b0938d00",
                  "parentUUID": "822b8b6a-9aab-46e7-b4e5-0cfd52ca9419",
                  "isHook": true,
                  "skipped": false
                }
              ],
              "afterHooks": [
                {
                  "title": "\"after each\" hook in \"login_fail\"",
                  "fullTitle": "[chrome] login_fail \"after each\" hook in \"login_fail\"",
                  "timedOut": false,
                  "duration": 32,
                  "state": null,
                  "speed": null,
                  "pass": false,
                  "fail": false,
                  "pending": false,
                  "context": null,
                  "code": "await driver.quit();",
                  "err": {},
                  "uuid": "cdc2b0a1-db3d-4bdb-b143-69b9a5560ebd",
                  "parentUUID": "822b8b6a-9aab-46e7-b4e5-0cfd52ca9419",
                  "isHook": true,
                  "skipped": false
                }
              ],
              "tests": [
                {
                  "title": "login_failure",
                  "fullTitle": "[chrome] login_fail login_failure",
                  "timedOut": false,
                  "duration": 5005,
                  "state": "passed",
                  "speed": "slow",
                  "pass": true,
                  "fail": false,
                  "pending": false,
                  "context": null,
                  "code": "await driver.get('http://automationpractice.multiformis.com/index.php');\nawait driver.manage().window().setRect({ width: 1552, height: 832 });\nawait driver.findElement(By.linkText('Sign in')).click();\nawait driver.findElement(By.id('email')).click();\nawait driver.findElement(By.id('email')).sendKeys('wrong@email.com');\nawait driver.findElement(By.id('passwd')).click();\nawait driver.findElement(By.id('passwd')).sendKeys('123123');\nawait driver.findElement(By.css('#SubmitLogin > span')).click();\n{\n  await driver.sleep(2000);\n  const alertElement = await driver.findElement(By.css('.alert.alert-danger'));\n  const alertText = await alertElement.getText();\n  assert.ok(alertText.includes('failed'), 'Alert text includes \"failed\"');\n}",
                  "err": {},
                  "uuid": "93108496-6572-4e4f-8898-ad91b83bf76c",
                  "parentUUID": "822b8b6a-9aab-46e7-b4e5-0cfd52ca9419",
                  "isHook": false,
                  "skipped": false
                }
              ],
              "suites": [],
              "passes": [
                "93108496-6572-4e4f-8898-ad91b83bf76c"
              ],
              "failures": [],
              "pending": [],
              "skipped": [],
              "duration": 5005,
              "root": false,
              "rootEmpty": false,
              "_timeout": 30000
            }
          ],
          "passes": [],
          "failures": [],
          "pending": [],
          "skipped": [],
          "duration": 0,
          "root": false,
          "rootEmpty": false,
          "_timeout": 2000
        },
        {
          "uuid": "d5275ac3-c520-43d3-bcc9-908db8f403a0",
          "title": "[chrome]",
          "fullFile": "D:\\tai-jing\\functional_test\\test_chrome\\registration.js",
          "file": "\\test_chrome\\registration.js",
          "beforeHooks": [],
          "afterHooks": [],
          "tests": [],
          "suites": [
            {
              "uuid": "51b6d704-0bca-42dc-94af-7c0747790563",
              "title": "registration",
              "fullFile": "D:\\tai-jing\\functional_test\\test_chrome\\registration.js",
              "file": "\\test_chrome\\registration.js",
              "beforeHooks": [
                {
                  "title": "\"before each\" hook in \"registration\"",
                  "fullTitle": "[chrome] registration \"before each\" hook in \"registration\"",
                  "timedOut": false,
                  "duration": 801,
                  "state": null,
                  "speed": null,
                  "pass": false,
                  "fail": false,
                  "pending": false,
                  "context": null,
                  "code": "driver = await new Builder().forBrowser('chrome').build();\nvars = {};",
                  "err": {},
                  "uuid": "e7b19dee-48d8-4405-a6d8-4b485e4edd6f",
                  "parentUUID": "51b6d704-0bca-42dc-94af-7c0747790563",
                  "isHook": true,
                  "skipped": false
                }
              ],
              "afterHooks": [
                {
                  "title": "\"after each\" hook in \"registration\"",
                  "fullTitle": "[chrome] registration \"after each\" hook in \"registration\"",
                  "timedOut": false,
                  "duration": 24,
                  "state": null,
                  "speed": null,
                  "pass": false,
                  "fail": false,
                  "pending": false,
                  "context": null,
                  "code": "await driver.quit();",
                  "err": {},
                  "uuid": "50bc5b4d-3510-4c74-9a54-744f753c2102",
                  "parentUUID": "51b6d704-0bca-42dc-94af-7c0747790563",
                  "isHook": true,
                  "skipped": false
                }
              ],
              "tests": [
                {
                  "title": "registration_success",
                  "fullTitle": "[chrome] registration registration_success",
                  "timedOut": false,
                  "duration": 9799,
                  "state": "passed",
                  "speed": "slow",
                  "pass": true,
                  "fail": false,
                  "pending": false,
                  "context": null,
                  "code": "await driver.get('http://automationpractice.multiformis.com/index.php');\nawait driver.findElement(By.linkText('Sign in')).click();\nawait driver.findElement(By.id('email_create')).click();\nawait driver.findElement(By.id('email_create')).sendKeys(`chrome_test${randString}@test.com`);\nawait driver.findElement(By.css('#SubmitCreate > span')).click();\nawait driver.wait(until.elementLocated(By.id('customer_firstname')), 30000);\nawait driver.findElement(By.id('customer_firstname')).click();\nawait driver.findElement(By.id('customer_firstname')).sendKeys('john');\nawait driver.findElement(By.id('id_gender1')).click();\nawait driver.findElement(By.css('.account_creation')).click();\nawait driver.findElement(By.id('customer_lastname')).click();\nawait driver.findElement(By.id('customer_lastname')).sendKeys('doe');\nawait driver.findElement(By.id('passwd')).click();\nawait driver.findElement(By.id('passwd')).sendKeys('123123');\nawait driver.findElement(By.id('days')).click();\n{\n  const optionElement = await driver.findElement(By.xpath(\"//option[@value='1']\"));\n  await optionElement.click();\n}\nawait driver.findElement(By.id('months')).click();\n{\n  const optionElement = await driver.findElement(By.xpath(\"//option[contains(translate(text(), 'ABCDEFGHIJKLMNOPQRSTUVWXYZ', 'abcdefghijklmnopqrstuvwxyz'), 'may')]\"));\n  await optionElement.click();\n}\nawait driver.findElement(By.id('years')).click();\n{\n  const optionElement = await driver.findElement(By.xpath(\"//option[@value='2010']\"));\n  await optionElement.click();\n}\nawait driver.findElement(By.css('#submitAccount > span')).click();\n{\n  await driver.sleep(5000);\n  const successMessage = await driver.findElements(By.css('.alert'));\n  assert.ok(successMessage, ' Your account has been created.');\n}",
                  "err": {},
                  "uuid": "e6718694-c6ff-47c6-a97e-1ddd9eda94e6",
                  "parentUUID": "51b6d704-0bca-42dc-94af-7c0747790563",
                  "isHook": false,
                  "skipped": false
                }
              ],
              "suites": [],
              "passes": [
                "e6718694-c6ff-47c6-a97e-1ddd9eda94e6"
              ],
              "failures": [],
              "pending": [],
              "skipped": [],
              "duration": 9799,
              "root": false,
              "rootEmpty": false,
              "_timeout": 30000
            },
            {
              "uuid": "e6c56b8f-3f33-46f0-8058-dacfd46a61b9",
              "title": "registration_fail",
              "fullFile": "D:\\tai-jing\\functional_test\\test_chrome\\registration.js",
              "file": "\\test_chrome\\registration.js",
              "beforeHooks": [
                {
                  "title": "\"before each\" hook in \"registration_fail\"",
                  "fullTitle": "[chrome] registration_fail \"before each\" hook in \"registration_fail\"",
                  "timedOut": false,
                  "duration": 865,
                  "state": null,
                  "speed": null,
                  "pass": false,
                  "fail": false,
                  "pending": false,
                  "context": null,
                  "code": "driver = await new Builder().forBrowser('chrome').build();\nvars = {};",
                  "err": {},
                  "uuid": "c80250b0-b9ec-4be8-b6ad-36431bd14af8",
                  "parentUUID": "e6c56b8f-3f33-46f0-8058-dacfd46a61b9",
                  "isHook": true,
                  "skipped": false
                }
              ],
              "afterHooks": [
                {
                  "title": "\"after each\" hook in \"registration_fail\"",
                  "fullTitle": "[chrome] registration_fail \"after each\" hook in \"registration_fail\"",
                  "timedOut": false,
                  "duration": 24,
                  "state": null,
                  "speed": null,
                  "pass": false,
                  "fail": false,
                  "pending": false,
                  "context": null,
                  "code": "await driver.quit();",
                  "err": {},
                  "uuid": "880df7dd-a778-4727-bae9-a84b28ac9225",
                  "parentUUID": "e6c56b8f-3f33-46f0-8058-dacfd46a61b9",
                  "isHook": true,
                  "skipped": false
                }
              ],
              "tests": [
                {
                  "title": "registration",
                  "fullTitle": "[chrome] registration_fail registration",
                  "timedOut": false,
                  "duration": 14306,
                  "state": "passed",
                  "speed": "slow",
                  "pass": true,
                  "fail": false,
                  "pending": false,
                  "context": null,
                  "code": "await driver.get('http://automationpractice.multiformis.com/index.php');\nawait driver.sleep(5000);\nawait driver.findElement(By.linkText('Sign in')).click();\nawait driver.findElement(By.id('email_create')).click();\nawait driver.findElement(By.id('email_create')).sendKeys(`CHROME_test2${randString}@test.com`);\nawait driver.findElement(By.css('#SubmitCreate > span')).click();\nawait driver.wait(until.elementLocated(By.id('customer_firstname')), 30000);\nawait driver.findElement(By.id('customer_firstname')).click();\nawait driver.findElement(By.id('customer_firstname')).sendKeys('john');\nawait driver.findElement(By.id('id_gender1')).click();\nawait driver.findElement(By.css('.account_creation')).click();\nawait driver.findElement(By.id('customer_lastname')).click();\nawait driver.findElement(By.id('customer_lastname')).sendKeys('doe');\nawait driver.findElement(By.id('passwd')).click();\nawait driver.findElement(By.id('passwd')).sendKeys('123123');\nawait driver.findElement(By.id('days')).click();\n{\n  const optionElement = await driver.findElement(By.xpath(\"//option[@value='1']\"));\n  await optionElement.click();\n}\nawait driver.findElement(By.id('years')).click();\n{\n  const optionElement = await driver.findElement(By.xpath(\"//option[@value='2010']\"));\n  await optionElement.click();\n}\nawait driver.findElement(By.css('#submitAccount > span')).click();\n{\n  await driver.sleep(5000);\n  const alertElement = await driver.findElement(By.css('.alert.alert-danger'));\n  const alertText = await alertElement.getText();\n  assert.ok(alertText.includes('errors'), 'Alert text includes \"errors\"');\n}",
                  "err": {},
                  "uuid": "c6aed5ba-194d-45f1-b22e-91919a701e5e",
                  "parentUUID": "e6c56b8f-3f33-46f0-8058-dacfd46a61b9",
                  "isHook": false,
                  "skipped": false
                }
              ],
              "suites": [],
              "passes": [
                "c6aed5ba-194d-45f1-b22e-91919a701e5e"
              ],
              "failures": [],
              "pending": [],
              "skipped": [],
              "duration": 14306,
              "root": false,
              "rootEmpty": false,
              "_timeout": 30000
            }
          ],
          "passes": [],
          "failures": [],
          "pending": [],
          "skipped": [],
          "duration": 0,
          "root": false,
          "rootEmpty": false,
          "_timeout": 2000
        },
        {
          "uuid": "8abd56b6-7cf1-4764-a213-a78a69fb6510",
          "title": "[chrome]",
          "fullFile": "D:\\tai-jing\\functional_test\\test_chrome\\search.js",
          "file": "\\test_chrome\\search.js",
          "beforeHooks": [],
          "afterHooks": [],
          "tests": [],
          "suites": [
            {
              "uuid": "e1414fd7-aee6-4ef7-938a-8a3a448b48aa",
              "title": "search_shirt",
              "fullFile": "D:\\tai-jing\\functional_test\\test_chrome\\search.js",
              "file": "\\test_chrome\\search.js",
              "beforeHooks": [
                {
                  "title": "\"before each\" hook in \"search_shirt\"",
                  "fullTitle": "[chrome] search_shirt \"before each\" hook in \"search_shirt\"",
                  "timedOut": false,
                  "duration": 805,
                  "state": null,
                  "speed": null,
                  "pass": false,
                  "fail": false,
                  "pending": false,
                  "context": null,
                  "code": "driver = await new Builder().forBrowser('chrome').build();\nvars = {};",
                  "err": {},
                  "uuid": "4fe55d19-b544-4c63-bbfe-8324b26db1ed",
                  "parentUUID": "e1414fd7-aee6-4ef7-938a-8a3a448b48aa",
                  "isHook": true,
                  "skipped": false
                }
              ],
              "afterHooks": [
                {
                  "title": "\"after each\" hook in \"search_shirt\"",
                  "fullTitle": "[chrome] search_shirt \"after each\" hook in \"search_shirt\"",
                  "timedOut": false,
                  "duration": 46,
                  "state": null,
                  "speed": null,
                  "pass": false,
                  "fail": false,
                  "pending": false,
                  "context": null,
                  "code": "await driver.quit();",
                  "err": {},
                  "uuid": "82d76c0c-81a1-463e-850f-f6a7a5b3c5d7",
                  "parentUUID": "e1414fd7-aee6-4ef7-938a-8a3a448b48aa",
                  "isHook": true,
                  "skipped": false
                }
              ],
              "tests": [
                {
                  "title": "search",
                  "fullTitle": "[chrome] search_shirt search",
                  "timedOut": false,
                  "duration": 4281,
                  "state": "passed",
                  "speed": "slow",
                  "pass": true,
                  "fail": false,
                  "pending": false,
                  "context": null,
                  "code": "await driver.get('http://automationpractice.multiformis.com/index.php');\nawait driver.manage().window().setRect({ width: 1552, height: 832 });\nawait driver.findElement(By.id('search_query_top')).click();\nawait driver.findElement(By.id('search_query_top')).sendKeys('shirt');\nawait driver.findElement(By.name('submit_search')).click();\nawait driver.sleep(2000);\n{\n  const element = await driver.findElement(By.css('.ajax_block_product'));\n  assert.ok(element, 'items exist');\n}",
                  "err": {},
                  "uuid": "36f1122f-c7a9-47e2-8399-f963d5673442",
                  "parentUUID": "e1414fd7-aee6-4ef7-938a-8a3a448b48aa",
                  "isHook": false,
                  "skipped": false
                }
              ],
              "suites": [],
              "passes": [
                "36f1122f-c7a9-47e2-8399-f963d5673442"
              ],
              "failures": [],
              "pending": [],
              "skipped": [],
              "duration": 4281,
              "root": false,
              "rootEmpty": false,
              "_timeout": 30000
            },
            {
              "uuid": "4f5ea9ee-049f-4058-bc6b-e38efa5dfed4",
              "title": "search_shoes",
              "fullFile": "D:\\tai-jing\\functional_test\\test_chrome\\search.js",
              "file": "\\test_chrome\\search.js",
              "beforeHooks": [
                {
                  "title": "\"before each\" hook in \"search_shoes\"",
                  "fullTitle": "[chrome] search_shoes \"before each\" hook in \"search_shoes\"",
                  "timedOut": false,
                  "duration": 794,
                  "state": null,
                  "speed": null,
                  "pass": false,
                  "fail": false,
                  "pending": false,
                  "context": null,
                  "code": "driver = await new Builder().forBrowser('chrome').build();\nvars = {};",
                  "err": {},
                  "uuid": "3e0517a6-7678-4fe3-a15d-e47434516c12",
                  "parentUUID": "4f5ea9ee-049f-4058-bc6b-e38efa5dfed4",
                  "isHook": true,
                  "skipped": false
                }
              ],
              "afterHooks": [
                {
                  "title": "\"after each\" hook in \"search_shoes\"",
                  "fullTitle": "[chrome] search_shoes \"after each\" hook in \"search_shoes\"",
                  "timedOut": false,
                  "duration": 24,
                  "state": null,
                  "speed": null,
                  "pass": false,
                  "fail": false,
                  "pending": false,
                  "context": null,
                  "code": "await driver.quit();",
                  "err": {},
                  "uuid": "4c59ef9f-b391-49f4-bbae-6f7dcf2f734f",
                  "parentUUID": "4f5ea9ee-049f-4058-bc6b-e38efa5dfed4",
                  "isHook": true,
                  "skipped": false
                }
              ],
              "tests": [
                {
                  "title": "search",
                  "fullTitle": "[chrome] search_shoes search",
                  "timedOut": false,
                  "duration": 4182,
                  "state": "passed",
                  "speed": "slow",
                  "pass": true,
                  "fail": false,
                  "pending": false,
                  "context": null,
                  "code": "await driver.get('http://automationpractice.multiformis.com/index.php');\nawait driver.manage().window().setRect({ width: 1552, height: 832 });\nawait driver.findElement(By.id('search_query_top')).click();\nawait driver.findElement(By.id('search_query_top')).sendKeys('shoes');\nawait driver.findElement(By.name('submit_search')).click();\nawait driver.sleep(2000);\n{\n  const element = await driver.findElement(By.css('.ajax_block_product'));\n  assert.ok(element, 'items exist');\n}",
                  "err": {},
                  "uuid": "8054fb3b-6916-4ef6-8a99-71fb86fb13f4",
                  "parentUUID": "4f5ea9ee-049f-4058-bc6b-e38efa5dfed4",
                  "isHook": false,
                  "skipped": false
                }
              ],
              "suites": [],
              "passes": [
                "8054fb3b-6916-4ef6-8a99-71fb86fb13f4"
              ],
              "failures": [],
              "pending": [],
              "skipped": [],
              "duration": 4182,
              "root": false,
              "rootEmpty": false,
              "_timeout": 30000
            },
            {
              "uuid": "1e87a45e-1f8b-4c9c-8733-2a9956a8f87b",
              "title": "search_laptop",
              "fullFile": "D:\\tai-jing\\functional_test\\test_chrome\\search.js",
              "file": "\\test_chrome\\search.js",
              "beforeHooks": [
                {
                  "title": "\"before each\" hook in \"search_laptop\"",
                  "fullTitle": "[chrome] search_laptop \"before each\" hook in \"search_laptop\"",
                  "timedOut": false,
                  "duration": 798,
                  "state": null,
                  "speed": null,
                  "pass": false,
                  "fail": false,
                  "pending": false,
                  "context": null,
                  "code": "driver = await new Builder().forBrowser('chrome').build();\nvars = {};",
                  "err": {},
                  "uuid": "ff180b08-aec1-4c65-9156-545d5b704b85",
                  "parentUUID": "1e87a45e-1f8b-4c9c-8733-2a9956a8f87b",
                  "isHook": true,
                  "skipped": false
                }
              ],
              "afterHooks": [
                {
                  "title": "\"after each\" hook in \"search_laptop\"",
                  "fullTitle": "[chrome] search_laptop \"after each\" hook in \"search_laptop\"",
                  "timedOut": false,
                  "duration": 42,
                  "state": null,
                  "speed": null,
                  "pass": false,
                  "fail": false,
                  "pending": false,
                  "context": null,
                  "code": "await driver.quit();",
                  "err": {},
                  "uuid": "9041b448-3c5b-48bc-9037-fca586005474",
                  "parentUUID": "1e87a45e-1f8b-4c9c-8733-2a9956a8f87b",
                  "isHook": true,
                  "skipped": false
                }
              ],
              "tests": [
                {
                  "title": "search",
                  "fullTitle": "[chrome] search_laptop search",
                  "timedOut": false,
                  "duration": 4259,
                  "state": "passed",
                  "speed": "slow",
                  "pass": true,
                  "fail": false,
                  "pending": false,
                  "context": null,
                  "code": "await driver.get('http://automationpractice.multiformis.com/index.php');\nawait driver.manage().window().setRect({ width: 1552, height: 832 });\nawait driver.findElement(By.id('search_query_top')).click();\nawait driver.findElement(By.id('search_query_top')).sendKeys('laptop');\nawait driver.findElement(By.name('submit_search')).click();\nawait driver.sleep(2000);\n{\n  const alertMsg = await driver.findElements(By.css('.alert'));\n  assert.ok(alertMsg, 'warning, no items');\n}",
                  "err": {},
                  "uuid": "01d98e62-6530-4404-8c38-29ddb10bb721",
                  "parentUUID": "1e87a45e-1f8b-4c9c-8733-2a9956a8f87b",
                  "isHook": false,
                  "skipped": false
                }
              ],
              "suites": [],
              "passes": [
                "01d98e62-6530-4404-8c38-29ddb10bb721"
              ],
              "failures": [],
              "pending": [],
              "skipped": [],
              "duration": 4259,
              "root": false,
              "rootEmpty": false,
              "_timeout": 30000
            }
          ],
          "passes": [],
          "failures": [],
          "pending": [],
          "skipped": [],
          "duration": 0,
          "root": false,
          "rootEmpty": false,
          "_timeout": 2000
        }
      ],
      "passes": [],
      "failures": [],
      "pending": [],
      "skipped": [],
      "duration": 0,
      "root": true,
      "rootEmpty": true,
      "_timeout": 2000
    }
  ],
  "meta": {
    "mocha": {
      "version": "10.4.0"
    },
    "mochawesome": {
      "options": {
        "quiet": false,
        "reportFilename": "mochawesome",
        "saveHtml": true,
        "saveJson": true,
        "consoleReporter": "spec",
        "useInlineDiffs": false,
        "code": true
      },
      "version": "7.1.3"
    },
    "marge": {
      "options": null,
      "version": "6.2.0"
    }
  }
}